		Initializing .... 

Total memory allocated = 5454196
		Begin Printing Seed information

Seed point: 210 246 	Path 0 0 	User path -1 -1 -1

---------------------

Print path: 



[210 246] 

		Begin Printing Seed information

Seed point: 210 246 	Path 0 18 	User path 0 9 0

Seed point: 207 255 	Path 19 19 	User path 9 9 9

---------------------

Print path: 



[210 246] [209 246] [208 246] [207 246] [206 246] [206 247] [206 248] 
[205 248] [204 248] [204 249] [204 250] [204 251] [204 252] [204 253] 
[204 254] [205 254] [206 254] [207 254] [207 255] [207 255] 

		Begin Printing Seed information

Seed point: 210 246 	Path 0 18 	User path 0 9 0

Seed point: 207 255 	Path 19 31 	User path 9 14 9

Seed point: 199 255 	Path 32 32 	User path 14 14 14

---------------------

Print path: 



[210 246] [209 246] [208 246] [207 246] [206 246] [206 247] [206 248] 
[205 248] [204 248] [204 249] [204 250] [204 251] [204 252] [204 253] 
[204 254] [205 254] [206 254] [207 254] [207 255] [207 255] [207 254] 
[206 254] [205 254] [204 254] [203 254] [202 254] [202 255] [202 256] 
[201 256] [200 256] [199 256] [199 255] [199 255] 

		Begin Printing Seed information

Seed point: 210 246 	Path 0 18 	User path 0 9 0

Seed point: 207 255 	Path 19 31 	User path 9 14 9

Seed point: 199 255 	Path 32 53 	User path 14 27 14

Seed point: 190 253 	Path 54 54 	User path 45 45 45

---------------------

Print path: 



[210 246] [209 246] [208 246] [207 246] [206 246] [206 247] [206 248] 
[205 248] [204 248] [204 249] [204 250] [204 251] [204 252] [204 253] 
[204 254] [205 254] [206 254] [207 254] [207 255] [207 255] [207 254] 
[206 254] [205 254] [204 254] [203 254] [202 254] [202 255] [202 256] 
[201 256] [200 256] [199 256] [199 255] [199 255] [199 256] [200 256] 
[200 257] [200 258] [199 258] [198 258] [197 258] [196 258] [195 258] 
[194 258] [194 257] [194 256] [193 256] [192 256] [192 255] [192 254] 
[192 253] [192 252] [191 252] [190 252] [190 253] [190 253] 

		Begin Printing Seed information

Seed point: 210 246 	Path 0 18 	User path 0 9 0

Seed point: 207 255 	Path 19 31 	User path 9 14 9

Seed point: 199 255 	Path 32 53 	User path 14 27 14

Seed point: 190 253 	Path 54 80 	User path 27 48 27

Seed point: 173 246 	Path 81 81 	User path 69 69 69

---------------------

Print path: 



[210 246] [209 246] [208 246] [207 246] [206 246] [206 247] [206 248] 
[205 248] [204 248] [204 249] [204 250] [204 251] [204 252] [204 253] 
[204 254] [205 254] [206 254] [207 254] [207 255] [207 255] [207 254] 
[206 254] [205 254] [204 254] [203 254] [202 254] [202 255] [202 256] 
[201 256] [200 256] [199 256] [199 255] [199 255] [199 256] [200 256] 
[200 257] [200 258] [199 258] [198 258] [197 258] [196 258] [195 258] 
[194 258] [194 257] [194 256] [193 256] [192 256] [192 255] [192 254] 
[192 253] [192 252] [191 252] [190 252] [190 253] [190 253] [190 254] 
[189 254] [188 254] [187 254] [186 254] [185 254] [184 254] [183 254] 
[182 254] [182 253] [182 252] [181 252] [180 252] [180 251] [180 250] 
[180 249] [180 248] [180 247] [180 246] [179 246] [178 246] [177 246] 
[176 246] [175 246] [174 246] [173 246] [173 246] 

		Begin Printing Seed information

Seed point: 210 246 	Path 0 18 	User path 0 9 0

Seed point: 207 255 	Path 19 31 	User path 9 14 9

Seed point: 199 255 	Path 32 53 	User path 14 27 14

Seed point: 190 253 	Path 54 80 	User path 27 48 27

Seed point: 173 246 	Path 81 106 	User path 48 72 48

Seed point: 158 248 	Path 107 107 	User path 92 92 92

---------------------

Print path: 



[210 246] [209 246] [208 246] [207 246] [206 246] [206 247] [206 248] 
[205 248] [204 248] [204 249] [204 250] [204 251] [204 252] [204 253] 
[204 254] [205 254] [206 254] [207 254] [207 255] [207 255] [207 254] 
[206 254] [205 254] [204 254] [203 254] [202 254] [202 255] [202 256] 
[201 256] [200 256] [199 256] [199 255] [199 255] [199 256] [200 256] 
[200 257] [200 258] [199 258] [198 258] [197 258] [196 258] [195 258] 
[194 258] [194 257] [194 256] [193 256] [192 256] [192 255] [192 254] 
[192 253] [192 252] [191 252] [190 252] [190 253] [190 253] [190 254] 
[189 254] [188 254] [187 254] [186 254] [185 254] [184 254] [183 254] 
[182 254] [182 253] [182 252] [181 252] [180 252] [180 251] [180 250] 
[180 249] [180 248] [180 247] [180 246] [179 246] [178 246] [177 246] 
[176 246] [175 246] [174 246] [173 246] [173 246] [172 246] [172 245] 
[172 244] [171 244] [170 244] [169 244] [168 244] [168 243] [168 242] 
[167 242] [166 242] [165 242] [164 242] [163 242] [162 242] [162 243] 
[162 244] [162 245] [162 246] [161 246] [160 246] [159 246] [158 246] 
[158 247] [158 248] [158 248] 

		Begin Printing Seed information

Seed point: 210 246 	Path 0 18 	User path 0 9 0

Seed point: 207 255 	Path 19 31 	User path 9 14 9

Seed point: 199 255 	Path 32 53 	User path 14 27 14

Seed point: 190 253 	Path 54 80 	User path 27 48 27

Seed point: 173 246 	Path 81 106 	User path 48 72 48

Seed point: 158 248 	Path 107 131 	User path 72 108 72

Seed point: 142 248 	Path 132 132 	User path 125 125 125

---------------------

Print path: 



[210 246] [209 246] [208 246] [207 246] [206 246] [206 247] [206 248] 
[205 248] [204 248] [204 249] [204 250] [204 251] [204 252] [204 253] 
[204 254] [205 254] [206 254] [207 254] [207 255] [207 255] [207 254] 
[206 254] [205 254] [204 254] [203 254] [202 254] [202 255] [202 256] 
[201 256] [200 256] [199 256] [199 255] [199 255] [199 256] [200 256] 
[200 257] [200 258] [199 258] [198 258] [197 258] [196 258] [195 258] 
[194 258] [194 257] [194 256] [193 256] [192 256] [192 255] [192 254] 
[192 253] [192 252] [191 252] [190 252] [190 253] [190 253] [190 254] 
[189 254] [188 254] [187 254] [186 254] [185 254] [184 254] [183 254] 
[182 254] [182 253] [182 252] [181 252] [180 252] [180 251] [180 250] 
[180 249] [180 248] [180 247] [180 246] [179 246] [178 246] [177 246] 
[176 246] [175 246] [174 246] [173 246] [173 246] [172 246] [172 245] 
[172 244] [171 244] [170 244] [169 244] [168 244] [168 243] [168 242] 
[167 242] [166 242] [165 242] [164 242] [163 242] [162 242] [162 243] 
[162 244] [162 245] [162 246] [161 246] [160 246] [159 246] [158 246] 
[158 247] [158 248] [158 248] [157 248] [156 248] [155 248] [154 248] 
[154 249] [154 250] [153 250] [152 250] [152 251] [152 252] [151 252] 
[150 252] [149 252] [148 252] [147 252] [146 252] [145 252] [144 252] 
[144 251] [144 250] [144 249] [144 248] [143 248] [142 248] [142 248] 

		Begin Printing Seed information

Seed point: 210 246 	Path 0 18 	User path 0 9 0

Seed point: 207 255 	Path 19 31 	User path 9 14 9

Seed point: 199 255 	Path 32 53 	User path 14 27 14

Seed point: 190 253 	Path 54 80 	User path 27 48 27

Seed point: 173 246 	Path 81 106 	User path 48 72 48

Seed point: 158 248 	Path 107 131 	User path 72 108 72

Seed point: 142 248 	Path 132 154 	User path 108 125 108

Seed point: 138 230 	Path 155 155 	User path 147 147 147

---------------------

Print path: 



[210 246] [209 246] [208 246] [207 246] [206 246] [206 247] [206 248] 
[205 248] [204 248] [204 249] [204 250] [204 251] [204 252] [204 253] 
[204 254] [205 254] [206 254] [207 254] [207 255] [207 255] [207 254] 
[206 254] [205 254] [204 254] [203 254] [202 254] [202 255] [202 256] 
[201 256] [200 256] [199 256] [199 255] [199 255] [199 256] [200 256] 
[200 257] [200 258] [199 258] [198 258] [197 258] [196 258] [195 258] 
[194 258] [194 257] [194 256] [193 256] [192 256] [192 255] [192 254] 
[192 253] [192 252] [191 252] [190 252] [190 253] [190 253] [190 254] 
[189 254] [188 254] [187 254] [186 254] [185 254] [184 254] [183 254] 
[182 254] [182 253] [182 252] [181 252] [180 252] [180 251] [180 250] 
[180 249] [180 248] [180 247] [180 246] [179 246] [178 246] [177 246] 
[176 246] [175 246] [174 246] [173 246] [173 246] [172 246] [172 245] 
[172 244] [171 244] [170 244] [169 244] [168 244] [168 243] [168 242] 
[167 242] [166 242] [165 242] [164 242] [163 242] [162 242] [162 243] 
[162 244] [162 245] [162 246] [161 246] [160 246] [159 246] [158 246] 
[158 247] [158 248] [158 248] [157 248] [156 248] [155 248] [154 248] 
[154 249] [154 250] [153 250] [152 250] [152 251] [152 252] [151 252] 
[150 252] [149 252] [148 252] [147 252] [146 252] [145 252] [144 252] 
[144 251] [144 250] [144 249] [144 248] [143 248] [142 248] [142 248] 
[142 247] [142 246] [142 245] [142 244] [141 244] [140 244] [140 243] 
[140 242] [140 241] [140 240] [139 240] [138 240] [138 239] [138 238] 
[138 237] [138 236] [138 235] [138 234] [138 233] [138 232] [138 231] 
[138 230] [138 230] 

		Begin Printing Seed information

Seed point: 210 246 	Path 0 18 	User path 0 9 0

Seed point: 207 255 	Path 19 31 	User path 9 14 9

Seed point: 199 255 	Path 32 53 	User path 14 27 14

Seed point: 190 253 	Path 54 80 	User path 27 48 27

Seed point: 173 246 	Path 81 106 	User path 48 72 48

Seed point: 158 248 	Path 107 131 	User path 72 108 72

Seed point: 142 248 	Path 132 154 	User path 108 125 108

Seed point: 138 230 	Path 155 185 	User path 125 157 125

Seed point: 150 212 	Path 186 186 	User path 174 174 174

---------------------

Print path: 



[210 246] [209 246] [208 246] [207 246] [206 246] [206 247] [206 248] 
[205 248] [204 248] [204 249] [204 250] [204 251] [204 252] [204 253] 
[204 254] [205 254] [206 254] [207 254] [207 255] [207 255] [207 254] 
[206 254] [205 254] [204 254] [203 254] [202 254] [202 255] [202 256] 
[201 256] [200 256] [199 256] [199 255] [199 255] [199 256] [200 256] 
[200 257] [200 258] [199 258] [198 258] [197 258] [196 258] [195 258] 
[194 258] [194 257] [194 256] [193 256] [192 256] [192 255] [192 254] 
[192 253] [192 252] [191 252] [190 252] [190 253] [190 253] [190 254] 
[189 254] [188 254] [187 254] [186 254] [185 254] [184 254] [183 254] 
[182 254] [182 253] [182 252] [181 252] [180 252] [180 251] [180 250] 
[180 249] [180 248] [180 247] [180 246] [179 246] [178 246] [177 246] 
[176 246] [175 246] [174 246] [173 246] [173 246] [172 246] [172 245] 
[172 244] [171 244] [170 244] [169 244] [168 244] [168 243] [168 242] 
[167 242] [166 242] [165 242] [164 242] [163 242] [162 242] [162 243] 
[162 244] [162 245] [162 246] [161 246] [160 246] [159 246] [158 246] 
[158 247] [158 248] [158 248] [157 248] [156 248] [155 248] [154 248] 
[154 249] [154 250] [153 250] [152 250] [152 251] [152 252] [151 252] 
[150 252] [149 252] [148 252] [147 252] [146 252] [145 252] [144 252] 
[144 251] [144 250] [144 249] [144 248] [143 248] [142 248] [142 248] 
[142 247] [142 246] [142 245] [142 244] [141 244] [140 244] [140 243] 
[140 242] [140 241] [140 240] [139 240] [138 240] [138 239] [138 238] 
[138 237] [138 236] [138 235] [138 234] [138 233] [138 232] [138 231] 
[138 230] [138 230] [139 230] [140 230] [140 229] [140 228] [141 228] 
[142 228] [142 227] [142 226] [143 226] [144 226] [144 225] [144 224] 
[145 224] [146 224] [146 223] [146 222] [147 222] [148 222] [149 222] 
[150 222] [150 221] [150 220] [150 219] [150 218] [150 217] [150 216] 
[150 215] [150 214] [150 213] [150 212] [150 212] 

		Begin Printing Seed information

Seed point: 210 246 	Path 0 18 	User path 0 9 0

Seed point: 207 255 	Path 19 31 	User path 9 14 9

Seed point: 199 255 	Path 32 53 	User path 14 27 14

Seed point: 190 253 	Path 54 80 	User path 27 48 27

Seed point: 173 246 	Path 81 106 	User path 48 72 48

Seed point: 158 248 	Path 107 131 	User path 72 108 72

Seed point: 142 248 	Path 132 154 	User path 108 125 108

Seed point: 138 230 	Path 155 185 	User path 125 157 125

Seed point: 150 212 	Path 186 222 	User path 157 176 157

Seed point: 170 212 	Path 223 223 	User path 197 197 197

---------------------

Print path: 



[210 246] [209 246] [208 246] [207 246] [206 246] [206 247] [206 248] 
[205 248] [204 248] [204 249] [204 250] [204 251] [204 252] [204 253] 
[204 254] [205 254] [206 254] [207 254] [207 255] [207 255] [207 254] 
[206 254] [205 254] [204 254] [203 254] [202 254] [202 255] [202 256] 
[201 256] [200 256] [199 256] [199 255] [199 255] [199 256] [200 256] 
[200 257] [200 258] [199 258] [198 258] [197 258] [196 258] [195 258] 
[194 258] [194 257] [194 256] [193 256] [192 256] [192 255] [192 254] 
[192 253] [192 252] [191 252] [190 252] [190 253] [190 253] [190 254] 
[189 254] [188 254] [187 254] [186 254] [185 254] [184 254] [183 254] 
[182 254] [182 253] [182 252] [181 252] [180 252] [180 251] [180 250] 
[180 249] [180 248] [180 247] [180 246] [179 246] [178 246] [177 246] 
[176 246] [175 246] [174 246] [173 246] [173 246] [172 246] [172 245] 
[172 244] [171 244] [170 244] [169 244] [168 244] [168 243] [168 242] 
[167 242] [166 242] [165 242] [164 242] [163 242] [162 242] [162 243] 
[162 244] [162 245] [162 246] [161 246] [160 246] [159 246] [158 246] 
[158 247] [158 248] [158 248] [157 248] [156 248] [155 248] [154 248] 
[154 249] [154 250] [153 250] [152 250] [152 251] [152 252] [151 252] 
[150 252] [149 252] [148 252] [147 252] [146 252] [145 252] [144 252] 
[144 251] [144 250] [144 249] [144 248] [143 248] [142 248] [142 248] 
[142 247] [142 246] [142 245] [142 244] [141 244] [140 244] [140 243] 
[140 242] [140 241] [140 240] [139 240] [138 240] [138 239] [138 238] 
[138 237] [138 236] [138 235] [138 234] [138 233] [138 232] [138 231] 
[138 230] [138 230] [139 230] [140 230] [140 229] [140 228] [141 228] 
[142 228] [142 227] [142 226] [143 226] [144 226] [144 225] [144 224] 
[145 224] [146 224] [146 223] [146 222] [147 222] [148 222] [149 222] 
[150 222] [150 221] [150 220] [150 219] [150 218] [150 217] [150 216] 
[150 215] [150 214] [150 213] [150 212] [150 212] [150 211] [150 210] 
[150 209] [150 208] [151 208] [152 208] [153 208] [154 208] [154 207] 
[154 206] [155 206] [156 206] [156 205] [156 204] [157 204] [158 204] 
[159 204] [160 204] [161 204] [162 204] [163 204] [164 204] [165 204] 
[166 204] [167 204] [168 204] [168 205] [168 206] [168 207] [168 208] 
[168 209] [168 210] [168 211] [168 212] [169 212] [170 212] [170 212] 

		Begin Printing Seed information

Seed point: 210 246 	Path 0 18 	User path 0 9 0

Seed point: 207 255 	Path 19 31 	User path 9 14 9

Seed point: 199 255 	Path 32 53 	User path 14 27 14

Seed point: 190 253 	Path 54 80 	User path 27 48 27

Seed point: 173 246 	Path 81 106 	User path 48 72 48

Seed point: 158 248 	Path 107 131 	User path 72 108 72

Seed point: 142 248 	Path 132 154 	User path 108 125 108

Seed point: 138 230 	Path 155 185 	User path 125 157 125

Seed point: 150 212 	Path 186 222 	User path 157 176 157

Seed point: 170 212 	Path 223 255 	User path 176 201 176

Seed point: 188 210 	Path 256 256 	User path 221 221 221

---------------------

Print path: 



[210 246] [209 246] [208 246] [207 246] [206 246] [206 247] [206 248] 
[205 248] [204 248] [204 249] [204 250] [204 251] [204 252] [204 253] 
[204 254] [205 254] [206 254] [207 254] [207 255] [207 255] [207 254] 
[206 254] [205 254] [204 254] [203 254] [202 254] [202 255] [202 256] 
[201 256] [200 256] [199 256] [199 255] [199 255] [199 256] [200 256] 
[200 257] [200 258] [199 258] [198 258] [197 258] [196 258] [195 258] 
[194 258] [194 257] [194 256] [193 256] [192 256] [192 255] [192 254] 
[192 253] [192 252] [191 252] [190 252] [190 253] [190 253] [190 254] 
[189 254] [188 254] [187 254] [186 254] [185 254] [184 254] [183 254] 
[182 254] [182 253] [182 252] [181 252] [180 252] [180 251] [180 250] 
[180 249] [180 248] [180 247] [180 246] [179 246] [178 246] [177 246] 
[176 246] [175 246] [174 246] [173 246] [173 246] [172 246] [172 245] 
[172 244] [171 244] [170 244] [169 244] [168 244] [168 243] [168 242] 
[167 242] [166 242] [165 242] [164 242] [163 242] [162 242] [162 243] 
[162 244] [162 245] [162 246] [161 246] [160 246] [159 246] [158 246] 
[158 247] [158 248] [158 248] [157 248] [156 248] [155 248] [154 248] 
[154 249] [154 250] [153 250] [152 250] [152 251] [152 252] [151 252] 
[150 252] [149 252] [148 252] [147 252] [146 252] [145 252] [144 252] 
[144 251] [144 250] [144 249] [144 248] [143 248] [142 248] [142 248] 
[142 247] [142 246] [142 245] [142 244] [141 244] [140 244] [140 243] 
[140 242] [140 241] [140 240] [139 240] [138 240] [138 239] [138 238] 
[138 237] [138 236] [138 235] [138 234] [138 233] [138 232] [138 231] 
[138 230] [138 230] [139 230] [140 230] [140 229] [140 228] [141 228] 
[142 228] [142 227] [142 226] [143 226] [144 226] [144 225] [144 224] 
[145 224] [146 224] [146 223] [146 222] [147 222] [148 222] [149 222] 
[150 222] [150 221] [150 220] [150 219] [150 218] [150 217] [150 216] 
[150 215] [150 214] [150 213] [150 212] [150 212] [150 211] [150 210] 
[150 209] [150 208] [151 208] [152 208] [153 208] [154 208] [154 207] 
[154 206] [155 206] [156 206] [156 205] [156 204] [157 204] [158 204] 
[159 204] [160 204] [161 204] [162 204] [163 204] [164 204] [165 204] 
[166 204] [167 204] [168 204] [168 205] [168 206] [168 207] [168 208] 
[168 209] [168 210] [168 211] [168 212] [169 212] [170 212] [170 212] 
[170 213] [170 214] [170 215] [170 216] [171 216] [172 216] [173 216] 
[174 216] [174 215] [174 214] [175 214] [176 214] [177 214] [178 214] 
[179 214] [180 214] [180 215] [180 216] [181 216] [182 216] [182 215] 
[182 214] [182 213] [182 212] [183 212] [184 212] [184 211] [184 210] 
[185 210] [186 210] [187 210] [188 210] [188 210] 

		Begin Printing Seed information

Seed point: 210 246 	Path 0 18 	User path 0 9 0

Seed point: 207 255 	Path 19 31 	User path 9 14 9

Seed point: 199 255 	Path 32 53 	User path 14 27 14

Seed point: 190 253 	Path 54 80 	User path 27 48 27

Seed point: 173 246 	Path 81 106 	User path 48 72 48

Seed point: 158 248 	Path 107 131 	User path 72 108 72

Seed point: 142 248 	Path 132 154 	User path 108 125 108

Seed point: 138 230 	Path 155 185 	User path 125 157 125

Seed point: 150 212 	Path 186 222 	User path 157 176 157

Seed point: 170 212 	Path 223 255 	User path 176 201 176

Seed point: 188 210 	Path 256 304 	User path 201 224 201

Seed point: 210 200 	Path 305 305 	User path 245 245 245

---------------------

Print path: 



[210 246] [209 246] [208 246] [207 246] [206 246] [206 247] [206 248] 
[205 248] [204 248] [204 249] [204 250] [204 251] [204 252] [204 253] 
[204 254] [205 254] [206 254] [207 254] [207 255] [207 255] [207 254] 
[206 254] [205 254] [204 254] [203 254] [202 254] [202 255] [202 256] 
[201 256] [200 256] [199 256] [199 255] [199 255] [199 256] [200 256] 
[200 257] [200 258] [199 258] [198 258] [197 258] [196 258] [195 258] 
[194 258] [194 257] [194 256] [193 256] [192 256] [192 255] [192 254] 
[192 253] [192 252] [191 252] [190 252] [190 253] [190 253] [190 254] 
[189 254] [188 254] [187 254] [186 254] [185 254] [184 254] [183 254] 
[182 254] [182 253] [182 252] [181 252] [180 252] [180 251] [180 250] 
[180 249] [180 248] [180 247] [180 246] [179 246] [178 246] [177 246] 
[176 246] [175 246] [174 246] [173 246] [173 246] [172 246] [172 245] 
[172 244] [171 244] [170 244] [169 244] [168 244] [168 243] [168 242] 
[167 242] [166 242] [165 242] [164 242] [163 242] [162 242] [162 243] 
[162 244] [162 245] [162 246] [161 246] [160 246] [159 246] [158 246] 
[158 247] [158 248] [158 248] [157 248] [156 248] [155 248] [154 248] 
[154 249] [154 250] [153 250] [152 250] [152 251] [152 252] [151 252] 
[150 252] [149 252] [148 252] [147 252] [146 252] [145 252] [144 252] 
[144 251] [144 250] [144 249] [144 248] [143 248] [142 248] [142 248] 
[142 247] [142 246] [142 245] [142 244] [141 244] [140 244] [140 243] 
[140 242] [140 241] [140 240] [139 240] [138 240] [138 239] [138 238] 
[138 237] [138 236] [138 235] [138 234] [138 233] [138 232] [138 231] 
[138 230] [138 230] [139 230] [140 230] [140 229] [140 228] [141 228] 
[142 228] [142 227] [142 226] [143 226] [144 226] [144 225] [144 224] 
[145 224] [146 224] [146 223] [146 222] [147 222] [148 222] [149 222] 
[150 222] [150 221] [150 220] [150 219] [150 218] [150 217] [150 216] 
[150 215] [150 214] [150 213] [150 212] [150 212] [150 211] [150 210] 
[150 209] [150 208] [151 208] [152 208] [153 208] [154 208] [154 207] 
[154 206] [155 206] [156 206] [156 205] [156 204] [157 204] [158 204] 
[159 204] [160 204] [161 204] [162 204] [163 204] [164 204] [165 204] 
[166 204] [167 204] [168 204] [168 205] [168 206] [168 207] [168 208] 
[168 209] [168 210] [168 211] [168 212] [169 212] [170 212] [170 212] 
[170 213] [170 214] [170 215] [170 216] [171 216] [172 216] [173 216] 
[174 216] [174 215] [174 214] [175 214] [176 214] [177 214] [178 214] 
[179 214] [180 214] [180 215] [180 216] [181 216] [182 216] [182 215] 
[182 214] [182 213] [182 212] [183 212] [184 212] [184 211] [184 210] 
[185 210] [186 210] [187 210] [188 210] [188 210] [189 210] [190 210] 
[191 210] [192 210] [192 211] [192 212] [193 212] [194 212] [194 213] 
[194 214] [195 214] [196 214] [196 215] [196 216] [197 216] [198 216] 
[199 216] [200 216] [200 215] [200 214] [200 213] [200 212] [200 211] 
[200 210] [200 209] [200 208] [201 208] [202 208] [202 207] [202 206] 
[202 205] [202 204] [202 203] [202 202] [202 201] [202 200] [202 199] 
[202 198] [203 198] [204 198] [205 198] [206 198] [207 198] [208 198] 
[209 198] [210 198] [210 199] [210 200] [210 200] 

		Begin Printing Seed information

Seed point: 210 246 	Path 0 18 	User path 0 9 0

Seed point: 207 255 	Path 19 31 	User path 9 14 9

Seed point: 199 255 	Path 32 53 	User path 14 27 14

Seed point: 190 253 	Path 54 80 	User path 27 48 27

Seed point: 173 246 	Path 81 106 	User path 48 72 48

Seed point: 158 248 	Path 107 131 	User path 72 108 72

Seed point: 142 248 	Path 132 154 	User path 108 125 108

Seed point: 138 230 	Path 155 185 	User path 125 157 125

Seed point: 150 212 	Path 186 222 	User path 157 176 157

Seed point: 170 212 	Path 223 255 	User path 176 201 176

Seed point: 188 210 	Path 256 304 	User path 201 224 201

Seed point: 210 200 	Path 305 380 	User path 224 268 224

Seed point: 203 254 	Path 381 381 	User path 268 268 268

---------------------

Print path: 



[210 246] [209 246] [208 246] [207 246] [206 246] [206 247] [206 248] 
[205 248] [204 248] [204 249] [204 250] [204 251] [204 252] [204 253] 
[204 254] [205 254] [206 254] [207 254] [207 255] [207 255] [207 254] 
[206 254] [205 254] [204 254] [203 254] [202 254] [202 255] [202 256] 
[201 256] [200 256] [199 256] [199 255] [199 255] [199 256] [200 256] 
[200 257] [200 258] [199 258] [198 258] [197 258] [196 258] [195 258] 
[194 258] [194 257] [194 256] [193 256] [192 256] [192 255] [192 254] 
[192 253] [192 252] [191 252] [190 252] [190 253] [190 253] [190 254] 
[189 254] [188 254] [187 254] [186 254] [185 254] [184 254] [183 254] 
[182 254] [182 253] [182 252] [181 252] [180 252] [180 251] [180 250] 
[180 249] [180 248] [180 247] [180 246] [179 246] [178 246] [177 246] 
[176 246] [175 246] [174 246] [173 246] [173 246] [172 246] [172 245] 
[172 244] [171 244] [170 244] [169 244] [168 244] [168 243] [168 242] 
[167 242] [166 242] [165 242] [164 242] [163 242] [162 242] [162 243] 
[162 244] [162 245] [162 246] [161 246] [160 246] [159 246] [158 246] 
[158 247] [158 248] [158 248] [157 248] [156 248] [155 248] [154 248] 
[154 249] [154 250] [153 250] [152 250] [152 251] [152 252] [151 252] 
[150 252] [149 252] [148 252] [147 252] [146 252] [145 252] [144 252] 
[144 251] [144 250] [144 249] [144 248] [143 248] [142 248] [142 248] 
[142 247] [142 246] [142 245] [142 244] [141 244] [140 244] [140 243] 
[140 242] [140 241] [140 240] [139 240] [138 240] [138 239] [138 238] 
[138 237] [138 236] [138 235] [138 234] [138 233] [138 232] [138 231] 
[138 230] [138 230] [139 230] [140 230] [140 229] [140 228] [141 228] 
[142 228] [142 227] [142 226] [143 226] [144 226] [144 225] [144 224] 
[145 224] [146 224] [146 223] [146 222] [147 222] [148 222] [149 222] 
[150 222] [150 221] [150 220] [150 219] [150 218] [150 217] [150 216] 
[150 215] [150 214] [150 213] [150 212] [150 212] [150 211] [150 210] 
[150 209] [150 208] [151 208] [152 208] [153 208] [154 208] [154 207] 
[154 206] [155 206] [156 206] [156 205] [156 204] [157 204] [158 204] 
[159 204] [160 204] [161 204] [162 204] [163 204] [164 204] [165 204] 
[166 204] [167 204] [168 204] [168 205] [168 206] [168 207] [168 208] 
[168 209] [168 210] [168 211] [168 212] [169 212] [170 212] [170 212] 
[170 213] [170 214] [170 215] [170 216] [171 216] [172 216] [173 216] 
[174 216] [174 215] [174 214] [175 214] [176 214] [177 214] [178 214] 
[179 214] [180 214] [180 215] [180 216] [181 216] [182 216] [182 215] 
[182 214] [182 213] [182 212] [183 212] [184 212] [184 211] [184 210] 
[185 210] [186 210] [187 210] [188 210] [188 210] [189 210] [190 210] 
[191 210] [192 210] [192 211] [192 212] [193 212] [194 212] [194 213] 
[194 214] [195 214] [196 214] [196 215] [196 216] [197 216] [198 216] 
[199 216] [200 216] [200 215] [200 214] [200 213] [200 212] [200 211] 
[200 210] [200 209] [200 208] [201 208] [202 208] [202 207] [202 206] 
[202 205] [202 204] [202 203] [202 202] [202 201] [202 200] [202 199] 
[202 198] [203 198] [204 198] [205 198] [206 198] [207 198] [208 198] 
[209 198] [210 198] [210 199] [210 200] [210 200] [211 200] [212 200] 
[213 200] [214 200] [214 201] [214 202] [214 203] [214 204] [215 204] 
[216 204] [217 204] [218 204] [219 204] [220 204] [220 205] [220 206] 
[220 207] [220 208] [220 209] [220 210] [219 210] [218 210] [218 211] 
[218 212] [218 213] [218 214] [218 215] [217 216] [216 217] [215 218] 
[214 219] [213 220] [212 221] [212 222] [212 223] [212 224] [212 225] 
[212 226] [212 227] [212 228] [212 229] [212 230] [212 231] [212 232] 
[212 233] [212 234] [212 235] [212 236] [212 237] [212 238] [212 239] 
[212 240] [212 241] [212 242] [211 242] [210 242] [209 242] [208 242] 
[208 243] [208 244] [208 245] [208 246] [207 246] [206 246] [206 247] 
[206 248] [205 248] [204 248] [204 249] [204 250] [204 251] [204 252] 
[204 253] [204 254] [203 254] [203 254] 

		Begin Printing Seed information

Seed point: 210 246 	Path 0 18 	User path 0 9 0

Seed point: 207 255 	Path 19 31 	User path 9 14 9

Seed point: 199 255 	Path 32 53 	User path 14 27 14

Seed point: 190 253 	Path 54 80 	User path 27 48 27

Seed point: 173 246 	Path 81 106 	User path 48 72 48

Seed point: 158 248 	Path 107 131 	User path 72 108 72

Seed point: 142 248 	Path 132 154 	User path 108 125 108

Seed point: 138 230 	Path 155 185 	User path 125 157 125

Seed point: 150 212 	Path 186 222 	User path 157 176 157

Seed point: 170 212 	Path 223 255 	User path 176 201 176

Seed point: 188 210 	Path 256 304 	User path 201 224 201

Seed point: 210 200 	Path 305 380 	User path 224 268 224

Seed point: 203 254 	Path 381 636 	User path 268 289 268

Seed point: 133 118 	Path 637 637 	User path 289 289 289

---------------------

Print path: 



[210 246] [209 246] [208 246] [207 246] [206 246] [206 247] [206 248] 
[205 248] [204 248] [204 249] [204 250] [204 251] [204 252] [204 253] 
[204 254] [205 254] [206 254] [207 254] [207 255] [207 255] [207 254] 
[206 254] [205 254] [204 254] [203 254] [202 254] [202 255] [202 256] 
[201 256] [200 256] [199 256] [199 255] [199 255] [199 256] [200 256] 
[200 257] [200 258] [199 258] [198 258] [197 258] [196 258] [195 258] 
[194 258] [194 257] [194 256] [193 256] [192 256] [192 255] [192 254] 
[192 253] [192 252] [191 252] [190 252] [190 253] [190 253] [190 254] 
[189 254] [188 254] [187 254] [186 254] [185 254] [184 254] [183 254] 
[182 254] [182 253] [182 252] [181 252] [180 252] [180 251] [180 250] 
[180 249] [180 248] [180 247] [180 246] [179 246] [178 246] [177 246] 
[176 246] [175 246] [174 246] [173 246] [173 246] [172 246] [172 245] 
[172 244] [171 244] [170 244] [169 244] [168 244] [168 243] [168 242] 
[167 242] [166 242] [165 242] [164 242] [163 242] [162 242] [162 243] 
[162 244] [162 245] [162 246] [161 246] [160 246] [159 246] [158 246] 
[158 247] [158 248] [158 248] [157 248] [156 248] [155 248] [154 248] 
[154 249] [154 250] [153 250] [152 250] [152 251] [152 252] [151 252] 
[150 252] [149 252] [148 252] [147 252] [146 252] [145 252] [144 252] 
[144 251] [144 250] [144 249] [144 248] [143 248] [142 248] [142 248] 
[142 247] [142 246] [142 245] [142 244] [141 244] [140 244] [140 243] 
[140 242] [140 241] [140 240] [139 240] [138 240] [138 239] [138 238] 
[138 237] [138 236] [138 235] [138 234] [138 233] [138 232] [138 231] 
[138 230] [138 230] [139 230] [140 230] [140 229] [140 228] [141 228] 
[142 228] [142 227] [142 226] [143 226] [144 226] [144 225] [144 224] 
[145 224] [146 224] [146 223] [146 222] [147 222] [148 222] [149 222] 
[150 222] [150 221] [150 220] [150 219] [150 218] [150 217] [150 216] 
[150 215] [150 214] [150 213] [150 212] [150 212] [150 211] [150 210] 
[150 209] [150 208] [151 208] [152 208] [153 208] [154 208] [154 207] 
[154 206] [155 206] [156 206] [156 205] [156 204] [157 204] [158 204] 
[159 204] [160 204] [161 204] [162 204] [163 204] [164 204] [165 204] 
[166 204] [167 204] [168 204] [168 205] [168 206] [168 207] [168 208] 
[168 209] [168 210] [168 211] [168 212] [169 212] [170 212] [170 212] 
[170 213] [170 214] [170 215] [170 216] [171 216] [172 216] [173 216] 
[174 216] [174 215] [174 214] [175 214] [176 214] [177 214] [178 214] 
[179 214] [180 214] [180 215] [180 216] [181 216] [182 216] [182 215] 
[182 214] [182 213] [182 212] [183 212] [184 212] [184 211] [184 210] 
[185 210] [186 210] [187 210] [188 210] [188 210] [189 210] [190 210] 
[191 210] [192 210] [192 211] [192 212] [193 212] [194 212] [194 213] 
[194 214] [195 214] [196 214] [196 215] [196 216] [197 216] [198 216] 
[199 216] [200 216] [200 215] [200 214] [200 213] [200 212] [200 211] 
[200 210] [200 209] [200 208] [201 208] [202 208] [202 207] [202 206] 
[202 205] [202 204] [202 203] [202 202] [202 201] [202 200] [202 199] 
[202 198] [203 198] [204 198] [205 198] [206 198] [207 198] [208 198] 
[209 198] [210 198] [210 199] [210 200] [210 200] [211 200] [212 200] 
[213 200] [214 200] [214 201] [214 202] [214 203] [214 204] [215 204] 
[216 204] [217 204] [218 204] [219 204] [220 204] [220 205] [220 206] 
[220 207] [220 208] [220 209] [220 210] [219 210] [218 210] [218 211] 
[218 212] [218 213] [218 214] [218 215] [217 216] [216 217] [215 218] 
[214 219] [213 220] [212 221] [212 222] [212 223] [212 224] [212 225] 
[212 226] [212 227] [212 228] [212 229] [212 230] [212 231] [212 232] 
[212 233] [212 234] [212 235] [212 236] [212 237] [212 238] [212 239] 
[212 240] [212 241] [212 242] [211 242] [210 242] [209 242] [208 242] 
[208 243] [208 244] [208 245] [208 246] [207 246] [206 246] [206 247] 
[206 248] [205 248] [204 248] [204 249] [204 250] [204 251] [204 252] 
[204 253] [204 254] [203 254] [203 254] [202 254] [202 255] [202 256] 
[201 256] [200 256] [200 257] [200 258] [199 258] [198 258] [197 258] 
[196 258] [195 258] [194 258] [194 257] [194 256] [193 256] [192 256] 
[192 255] [192 254] [192 253] [192 252] [192 251] [192 250] [192 249] 
[192 248] [192 247] [192 246] [192 245] [192 244] [192 243] [192 242] 
[193 242] [194 242] [194 241] [194 240] [194 239] [194 238] [195 238] 
[196 238] [197 238] [198 238] [198 237] [198 236] [198 235] [198 234] 
[198 233] [198 232] [198 231] [198 230] [198 229] [198 228] [198 227] 
[198 226] [198 225] [198 224] [197 224] [196 224] [195 224] [194 224] 
[194 225] [194 226] [194 227] [194 228] [193 228] [192 228] [191 228] 
[190 228] [190 227] [190 226] [190 225] [190 224] [190 223] [190 222] 
[189 222] [188 222] [187 222] [186 222] [185 222] [184 222] [183 222] 
[182 222] [182 221] [182 220] [182 219] [182 218] [181 218] [180 218] 
[180 217] [180 216] [180 215] [180 214] [179 214] [178 214] [177 214] 
[176 214] [175 214] [174 214] [174 215] [174 216] [173 216] [172 216] 
[171 216] [170 216] [170 215] [170 214] [170 213] [170 212] [169 212] 
[168 212] [168 211] [168 210] [168 209] [168 208] [168 207] [168 206] 
[168 205] [168 204] [169 204] [170 204] [170 203] [170 202] [170 201] 
[170 200] [170 199] [170 198] [169 198] [168 198] [168 197] [168 196] 
[168 195] [168 194] [168 193] [168 192] [168 191] [168 190] [167 190] 
[166 190] [165 190] [164 190] [163 190] [162 190] [161 190] [160 190] 
[159 190] [158 190] [157 190] [156 190] [155 190] [154 190] [153 190] 
[152 190] [151 190] [150 190] [149 190] [148 190] [147 190] [146 190] 
[145 190] [144 190] [144 189] [144 188] [144 187] [144 186] [144 185] 
[144 184] [144 183] [144 182] [144 181] [145 181] [146 181] [146 180] 
[146 179] [146 178] [146 177] [146 176] [145 176] [144 176] [143 176] 
[142 176] [142 175] [142 174] [142 173] [142 172] [141 172] [140 172] 
[140 171] [140 170] [140 169] [140 168] [139 168] [138 168] [137 168] 
[136 168] [136 167] [136 166] [135 166] [134 166] [134 165] [134 164] 
[135 164] [136 164] [137 164] [138 164] [138 163] [138 162] [137 162] 
[136 162] [136 161] [136 160] [136 159] [137 158] [138 158] [138 157] 
[138 156] [138 155] [138 154] [138 153] [138 152] [137 152] [136 151] 
[136 150] [136 149] [136 148] [136 147] [136 146] [136 145] [136 144] 
[136 143] [135 142] [134 142] [134 141] [134 140] [134 139] [134 138] 
[134 137] [134 136] [134 135] [134 134] [134 133] [134 132] [134 131] 
[134 130] [134 129] [134 128] [134 127] [134 126] [134 125] [134 124] 
[134 123] [134 122] [134 121] [134 120] [134 119] [134 118] [133 118] 
[133 118] 

User path


[210 246] [210 246] [210 249] [209 251] [209 252] [208 253] [207 253] 
[207 254] [207 254] [207 255] [205 254] [204 254] [203 254] [203 255] 
[199 255] [199 255] [197 256] [197 256] [196 256] [195 256] [194 256] 
[193 256] [192 256] [191 256] [190 255] [190 255] [190 254] [190 253] 
[189 254] [189 253] [188 253] [187 253] [186 253] [185 253] [184 253] 
[183 252] [182 252] [182 252] [181 252] [180 252] [179 251] [178 251] 
[178 251] [177 250] [177 250] [176 249] [174 247] [173 246] [173 246] 
[172 245] [172 244] [171 243] [171 243] [171 242] [171 242] [170 242] 
[169 242] [169 242] [168 242] [167 243] [167 243] [166 244] [165 244] 
[164 244] [164 244] [163 244] [162 245] [162 245] [161 245] [160 246] 
[158 247] [158 248] [158 248] [156 249] [156 249] [155 250] [155 251] 
[155 251] [154 252] [154 252] [152 253] [152 254] [151 254] [151 254] 
[150 255] [150 255] [149 255] [148 256] [147 256] [146 256] [145 256] 
[144 257] [144 257] [143 257] [142 256] [141 256] [140 256] [140 256] 
[139 255] [139 254] [139 254] [139 253] [138 252] [138 252] [138 251] 
[138 250] [138 249] [138 248] [142 248] [138 247] [138 247] [137 247] 
[137 246] [137 245] [137 243] [136 242] [136 240] [136 239] [135 237] 
[135 235] [135 234] [135 233] [135 232] [135 231] [135 230] [138 230] 
[135 229] [135 228] [135 227] [135 226] [135 225] [135 224] [135 223] 
[135 223] [135 222] [136 221] [136 220] [136 220] [137 219] [137 218] 
[137 218] [138 217] [138 216] [139 215] [139 215] [140 215] [141 214] 
[141 214] [142 213] [143 213] [144 213] [144 212] [145 212] [146 212] 
[147 212] [148 212] [149 212] [150 212] [150 211] [151 211] [152 211] 
[153 211] [154 211] [156 211] [157 211] [157 211] [159 211] [160 211] 
[161 211] [162 211] [163 211] [164 211] [165 211] [166 211] [168 212] 
[169 212] [170 212] [172 213] [173 213] [173 213] [173 213] [174 213] 
[174 214] [175 215] [175 215] [176 215] [176 216] [177 217] [177 217] 
[178 217] [178 217] [179 216] [180 216] [181 216] [181 215] [182 215] 
[182 215] [183 214] [185 213] [186 212] [188 211] [188 210] [189 210] 
[190 209] [191 209] [192 208] [193 207] [194 207] [195 207] [196 207] 
[198 205] [199 204] [200 204] [201 203] [202 203] [202 203] [203 202] 
[204 202] [204 202] [205 201] [205 201] [206 201] [208 200] [210 200] 
[210 200] [211 200] [211 200] [212 200] [213 200] [214 200] [215 201] 
[216 201] [217 202] [217 202] [219 204] [219 205] [219 206] [220 210] 
[220 213] [220 214] [220 216] [221 219] [221 221] [221 225] [221 228] 
[221 230] [222 233] [221 237] [220 240] [219 242] [218 244] [218 245] 
[216 246] [215 247] [213 248] [212 249] [212 249] [212 249] [211 249] 
[209 250] [208 250] [208 250] [207 250] [206 251] [204 253] [204 253] 
[203 253] [203 253] [203 254] [202 254] [202 252] [201 250] [200 249] 
[199 243] [197 237] [185 221] [177 213] [165 199] [157 196] [155 195] 
[152 194] [151 193] [149 193] [137 169] [133 141] [130 121] [130 114] 
[131 115] [133 118] [133 118] 

		Begin Printing Seed information

Seed point: 210 246 	Path 0 18 	User path 0 9 0

Seed point: 207 255 	Path 19 31 	User path 9 14 9

Seed point: 199 255 	Path 32 53 	User path 14 27 14

Seed point: 190 253 	Path 54 80 	User path 27 48 27

Seed point: 173 246 	Path 81 106 	User path 48 72 48

Seed point: 158 248 	Path 107 131 	User path 72 108 72

Seed point: 142 248 	Path 132 154 	User path 108 125 108

Seed point: 138 230 	Path 155 185 	User path 125 157 125

Seed point: 150 212 	Path 186 222 	User path 157 176 157

Seed point: 170 212 	Path 223 255 	User path 176 201 176

Seed point: 188 210 	Path 256 304 	User path 201 224 201

Seed point: 210 200 	Path 305 380 	User path 224 268 224

Seed point: 203 254 	Path 381 636 	User path 268 289 268

Seed point: 133 118 	Path 637 637 	User path 289 290 289

Seed point: 133 118 	Path 638 638 	User path 290 290 290

---------------------

Print path: 



[210 246] [209 246] [208 246] [207 246] [206 246] [206 247] [206 248] 
[205 248] [204 248] [204 249] [204 250] [204 251] [204 252] [204 253] 
[204 254] [205 254] [206 254] [207 254] [207 255] [207 255] [207 254] 
[206 254] [205 254] [204 254] [203 254] [202 254] [202 255] [202 256] 
[201 256] [200 256] [199 256] [199 255] [199 255] [199 256] [200 256] 
[200 257] [200 258] [199 258] [198 258] [197 258] [196 258] [195 258] 
[194 258] [194 257] [194 256] [193 256] [192 256] [192 255] [192 254] 
[192 253] [192 252] [191 252] [190 252] [190 253] [190 253] [190 254] 
[189 254] [188 254] [187 254] [186 254] [185 254] [184 254] [183 254] 
[182 254] [182 253] [182 252] [181 252] [180 252] [180 251] [180 250] 
[180 249] [180 248] [180 247] [180 246] [179 246] [178 246] [177 246] 
[176 246] [175 246] [174 246] [173 246] [173 246] [172 246] [172 245] 
[172 244] [171 244] [170 244] [169 244] [168 244] [168 243] [168 242] 
[167 242] [166 242] [165 242] [164 242] [163 242] [162 242] [162 243] 
[162 244] [162 245] [162 246] [161 246] [160 246] [159 246] [158 246] 
[158 247] [158 248] [158 248] [157 248] [156 248] [155 248] [154 248] 
[154 249] [154 250] [153 250] [152 250] [152 251] [152 252] [151 252] 
[150 252] [149 252] [148 252] [147 252] [146 252] [145 252] [144 252] 
[144 251] [144 250] [144 249] [144 248] [143 248] [142 248] [142 248] 
[142 247] [142 246] [142 245] [142 244] [141 244] [140 244] [140 243] 
[140 242] [140 241] [140 240] [139 240] [138 240] [138 239] [138 238] 
[138 237] [138 236] [138 235] [138 234] [138 233] [138 232] [138 231] 
[138 230] [138 230] [139 230] [140 230] [140 229] [140 228] [141 228] 
[142 228] [142 227] [142 226] [143 226] [144 226] [144 225] [144 224] 
[145 224] [146 224] [146 223] [146 222] [147 222] [148 222] [149 222] 
[150 222] [150 221] [150 220] [150 219] [150 218] [150 217] [150 216] 
[150 215] [150 214] [150 213] [150 212] [150 212] [150 211] [150 210] 
[150 209] [150 208] [151 208] [152 208] [153 208] [154 208] [154 207] 
[154 206] [155 206] [156 206] [156 205] [156 204] [157 204] [158 204] 
[159 204] [160 204] [161 204] [162 204] [163 204] [164 204] [165 204] 
[166 204] [167 204] [168 204] [168 205] [168 206] [168 207] [168 208] 
[168 209] [168 210] [168 211] [168 212] [169 212] [170 212] [170 212] 
[170 213] [170 214] [170 215] [170 216] [171 216] [172 216] [173 216] 
[174 216] [174 215] [174 214] [175 214] [176 214] [177 214] [178 214] 
[179 214] [180 214] [180 215] [180 216] [181 216] [182 216] [182 215] 
[182 214] [182 213] [182 212] [183 212] [184 212] [184 211] [184 210] 
[185 210] [186 210] [187 210] [188 210] [188 210] [189 210] [190 210] 
[191 210] [192 210] [192 211] [192 212] [193 212] [194 212] [194 213] 
[194 214] [195 214] [196 214] [196 215] [196 216] [197 216] [198 216] 
[199 216] [200 216] [200 215] [200 214] [200 213] [200 212] [200 211] 
[200 210] [200 209] [200 208] [201 208] [202 208] [202 207] [202 206] 
[202 205] [202 204] [202 203] [202 202] [202 201] [202 200] [202 199] 
[202 198] [203 198] [204 198] [205 198] [206 198] [207 198] [208 198] 
[209 198] [210 198] [210 199] [210 200] [210 200] [211 200] [212 200] 
[213 200] [214 200] [214 201] [214 202] [214 203] [214 204] [215 204] 
[216 204] [217 204] [218 204] [219 204] [220 204] [220 205] [220 206] 
[220 207] [220 208] [220 209] [220 210] [219 210] [218 210] [218 211] 
[218 212] [218 213] [218 214] [218 215] [217 216] [216 217] [215 218] 
[214 219] [213 220] [212 221] [212 222] [212 223] [212 224] [212 225] 
[212 226] [212 227] [212 228] [212 229] [212 230] [212 231] [212 232] 
[212 233] [212 234] [212 235] [212 236] [212 237] [212 238] [212 239] 
[212 240] [212 241] [212 242] [211 242] [210 242] [209 242] [208 242] 
[208 243] [208 244] [208 245] [208 246] [207 246] [206 246] [206 247] 
[206 248] [205 248] [204 248] [204 249] [204 250] [204 251] [204 252] 
[204 253] [204 254] [203 254] [203 254] [202 254] [202 255] [202 256] 
[201 256] [200 256] [200 257] [200 258] [199 258] [198 258] [197 258] 
[196 258] [195 258] [194 258] [194 257] [194 256] [193 256] [192 256] 
[192 255] [192 254] [192 253] [192 252] [192 251] [192 250] [192 249] 
[192 248] [192 247] [192 246] [192 245] [192 244] [192 243] [192 242] 
[193 242] [194 242] [194 241] [194 240] [194 239] [194 238] [195 238] 
[196 238] [197 238] [198 238] [198 237] [198 236] [198 235] [198 234] 
[198 233] [198 232] [198 231] [198 230] [198 229] [198 228] [198 227] 
[198 226] [198 225] [198 224] [197 224] [196 224] [195 224] [194 224] 
[194 225] [194 226] [194 227] [194 228] [193 228] [192 228] [191 228] 
[190 228] [190 227] [190 226] [190 225] [190 224] [190 223] [190 222] 
[189 222] [188 222] [187 222] [186 222] [185 222] [184 222] [183 222] 
[182 222] [182 221] [182 220] [182 219] [182 218] [181 218] [180 218] 
[180 217] [180 216] [180 215] [180 214] [179 214] [178 214] [177 214] 
[176 214] [175 214] [174 214] [174 215] [174 216] [173 216] [172 216] 
[171 216] [170 216] [170 215] [170 214] [170 213] [170 212] [169 212] 
[168 212] [168 211] [168 210] [168 209] [168 208] [168 207] [168 206] 
[168 205] [168 204] [169 204] [170 204] [170 203] [170 202] [170 201] 
[170 200] [170 199] [170 198] [169 198] [168 198] [168 197] [168 196] 
[168 195] [168 194] [168 193] [168 192] [168 191] [168 190] [167 190] 
[166 190] [165 190] [164 190] [163 190] [162 190] [161 190] [160 190] 
[159 190] [158 190] [157 190] [156 190] [155 190] [154 190] [153 190] 
[152 190] [151 190] [150 190] [149 190] [148 190] [147 190] [146 190] 
[145 190] [144 190] [144 189] [144 188] [144 187] [144 186] [144 185] 
[144 184] [144 183] [144 182] [144 181] [145 181] [146 181] [146 180] 
[146 179] [146 178] [146 177] [146 176] [145 176] [144 176] [143 176] 
[142 176] [142 175] [142 174] [142 173] [142 172] [141 172] [140 172] 
[140 171] [140 170] [140 169] [140 168] [139 168] [138 168] [137 168] 
[136 168] [136 167] [136 166] [135 166] [134 166] [134 165] [134 164] 
[135 164] [136 164] [137 164] [138 164] [138 163] [138 162] [137 162] 
[136 162] [136 161] [136 160] [136 159] [137 158] [138 158] [138 157] 
[138 156] [138 155] [138 154] [138 153] [138 152] [137 152] [136 151] 
[136 150] [136 149] [136 148] [136 147] [136 146] [136 145] [136 144] 
[136 143] [135 142] [134 142] [134 141] [134 140] [134 139] [134 138] 
[134 137] [134 136] [134 135] [134 134] [134 133] [134 132] [134 131] 
[134 130] [134 129] [134 128] [134 127] [134 126] [134 125] [134 124] 
[134 123] [134 122] [134 121] [134 120] [134 119] [134 118] [133 118] 
[133 118] [133 118] 

