		Initializing .... 

Total memory allocated = 5448052
		Begin Printing Seed information

Seed point: 3 40 	Path 0 0 	User path -1 -1 -1

---------------------

Print path: 



[3 40] 

		Begin Printing Seed information

Seed point: 3 40 	Path 0 70 	User path 0 69 0

Seed point: 58 50 	Path 71 71 	User path 69 69 69

---------------------

Print path: 



[3 40] [3 41] [4 41] [5 41] [6 41] [6 42] [6 43] 
[6 44] [6 45] [7 45] [7 46] [7 47] [6 47] [6 48] 
[6 49] [6 50] [7 50] [8 50] [9 50] [10 50] [11 50] 
[12 50] [13 50] [14 50] [15 50] [16 50] [17 50] [18 50] 
[19 50] [20 50] [21 50] [22 50] [23 50] [24 50] [25 50] 
[26 50] [27 50] [28 50] [29 50] [30 50] [31 50] [32 50] 
[33 50] [34 50] [35 50] [36 50] [37 50] [38 50] [39 50] 
[40 50] [41 50] [42 50] [42 49] [42 48] [43 48] [43 47] 
[44 47] [45 47] [46 47] [47 47] [48 47] [49 47] [50 47] 
[51 47] [52 47] [53 47] [54 47] [55 47] [56 48] [57 49] 
[58 50] [58 50] 

User path


[3 40] [3 39] [3 38] [3 37] [3 37] [3 39] [3 47] 
[3 49] [3 55] [3 57] [3 59] [3 67] [3 75] [3 76] 
[3 76] [3 75] [3 73] [3 72] [3 71] [3 70] [3 68] 
[3 66] [3 65] [3 65] [3 64] [3 63] [3 57] [3 49] 
[3 31] [3 7] [3 3] [3 3] [3 3] [3 3] [3 3] 
[3 3] [3 3] [3 3] [3 3] [3 3] [3 3] [3 3] 
[3 5] [3 5] [3 6] [3 6] [6 16] [14 30] [22 42] 
[23 43] [25 43] [31 43] [37 43] [43 43] [49 44] [59 50] 
[65 56] [66 57] [66 58] [65 58] [64 58] [62 57] [60 55] 
[59 54] [58 54] [58 53] [58 52] [58 51] [58 50] [58 50] 

		Begin Printing Seed information

Seed point: 3 40 	Path 0 70 	User path 0 69 0

Seed point: 58 50 	Path 71 71 	User path 69 70 69

Seed point: 58 50 	Path 72 72 	User path 70 70 70

---------------------

Print path: 



[3 40] [3 41] [4 41] [5 41] [6 41] [6 42] [6 43] 
[6 44] [6 45] [7 45] [7 46] [7 47] [6 47] [6 48] 
[6 49] [6 50] [7 50] [8 50] [9 50] [10 50] [11 50] 
[12 50] [13 50] [14 50] [15 50] [16 50] [17 50] [18 50] 
[19 50] [20 50] [21 50] [22 50] [23 50] [24 50] [25 50] 
[26 50] [27 50] [28 50] [29 50] [30 50] [31 50] [32 50] 
[33 50] [34 50] [35 50] [36 50] [37 50] [38 50] [39 50] 
[40 50] [41 50] [42 50] [42 49] [42 48] [43 48] [43 47] 
[44 47] [45 47] [46 47] [47 47] [48 47] [49 47] [50 47] 
[51 47] [52 47] [53 47] [54 47] [55 47] [56 48] [57 49] 
[58 50] [58 50] [58 50] 

